# JRE version: Java(TM) SE Runtime Environment (7.0_67-b01) (build 1.7.0_67-b01)
# Java VM: Java HotSpot(TM) 64-Bit Server VM (24.65-b04 mixed mode bsd-amd64 compressed oops)
Heap
 PSYoungGen      total 349184K, used 128K [0x00000007eaa80000, 0x0000000800000000, 0x0000000800000000)
  eden space 348672K, 0% used [0x00000007eaa80000,0x00000007eaa80000,0x00000007fff00000)
  from space 512K, 25% used [0x00000007fff80000,0x00000007fffa0000,0x0000000800000000)
  to   space 512K, 0% used [0x00000007fff00000,0x00000007fff00000,0x00000007fff80000)
 ParOldGen       total 438784K, used 438767K [0x00000007c0000000, 0x00000007dac80000, 0x00000007eaa80000)
  object space 438784K, 99% used [0x00000007c0000000,0x00000007dac7be90,0x00000007dac80000)
 PSPermGen       total 21504K, used 3348K [0x00000007bae00000, 0x00000007bc300000, 0x00000007c0000000)
  object space 21504K, 15% used [0x00000007bae00000,0x00000007bb145148,0x00000007bc300000)
GC Heap History (10 events):
Event: 5346.854 GC heap after
Heap after GC invocations=8754 (full 4):
 PSYoungGen      total 349184K, used 128K [0x00000007eaa80000, 0x0000000800000000, 0x0000000800000000)
  eden space 348672K, 0% used [0x00000007eaa80000,0x00000007eaa80000,0x00000007fff00000)
  from space 512K, 25% used [0x00000007fff80000,0x00000007fffa0000,0x0000000800000000)
  to   space 512K, 0% used [0x00000007fff00000,0x00000007fff00000,0x00000007fff80000)
 ParOldGen       total 438784K, used 438711K [0x00000007c0000000, 0x00000007dac80000, 0x00000007eaa80000)
  object space 438784K, 99% used [0x00000007c0000000,0x00000007dac6de90,0x00000007dac80000)
 PSPermGen       total 21504K, used 3348K [0x00000007bae00000, 0x00000007bc300000, 0x00000007c0000000)
  object space 21504K, 15% used [0x00000007bae00000,0x00000007bb145148,0x00000007bc300000)
}
Event: 5347.524 GC heap before
{Heap before GC invocations=8755 (full 4):
 PSYoungGen      total 349184K, used 348800K [0x00000007eaa80000, 0x0000000800000000, 0x0000000800000000)
  eden space 348672K, 100% used [0x00000007eaa80000,0x00000007fff00000,0x00000007fff00000)
  from space 512K, 25% used [0x00000007fff80000,0x00000007fffa0000,0x0000000800000000)
  to   space 512K, 0% used [0x00000007fff00000,0x00000007fff00000,0x00000007fff80000)
 ParOldGen       total 438784K, used 438711K [0x00000007c0000000, 0x00000007dac80000, 0x00000007eaa80000)
  object space 438784K, 99% used [0x00000007c0000000,0x00000007dac6de90,0x00000007dac80000)
 PSPermGen       total 21504K, used 3348K [0x00000007bae00000, 0x00000007bc300000, 0x00000007c0000000)
  object space 21504K, 15% used [0x00000007bae00000,0x00000007bb145148,0x00000007bc300000)
Event: 5347.527 GC heap after
Heap after GC invocations=8755 (full 4):
 PSYoungGen      total 349184K, used 128K [0x00000007eaa80000, 0x0000000800000000, 0x0000000800000000)
  eden space 348672K, 0% used [0x00000007eaa80000,0x00000007eaa80000,0x00000007fff00000)
  from space 512K, 25% used [0x00000007fff00000,0x00000007fff20000,0x00000007fff80000)
  to   space 512K, 0% used [0x00000007fff80000,0x00000007fff80000,0x0000000800000000)
 ParOldGen       total 438784K, used 438719K [0x00000007c0000000, 0x00000007dac80000, 0x00000007eaa80000)
  object space 438784K, 99% used [0x00000007c0000000,0x00000007dac6fe90,0x00000007dac80000)
 PSPermGen       total 21504K, used 3348K [0x00000007bae00000, 0x00000007bc300000, 0x00000007c0000000)
  object space 21504K, 15% used [0x00000007bae00000,0x00000007bb145148,0x00000007bc300000)
}
Event: 5348.174 GC heap before
{Heap before GC invocations=8756 (full 4):
 PSYoungGen      total 349184K, used 348800K [0x00000007eaa80000, 0x0000000800000000, 0x0000000800000000)
  eden space 348672K, 100% used [0x00000007eaa80000,0x00000007fff00000,0x00000007fff00000)
  from space 512K, 25% used [0x00000007fff00000,0x00000007fff20000,0x00000007fff80000)
  to   space 512K, 0% used [0x00000007fff80000,0x00000007fff80000,0x0000000800000000)
 ParOldGen       total 438784K, used 438719K [0x00000007c0000000, 0x00000007dac80000, 0x00000007eaa80000)
  object space 438784K, 99% used [0x00000007c0000000,0x00000007dac6fe90,0x00000007dac80000)
 PSPermGen       total 21504K, used 3348K [0x00000007bae00000, 0x00000007bc300000, 0x00000007c0000000)
  object space 21504K, 15% used [0x00000007bae00000,0x00000007bb145148,0x00000007bc300000)
Event: 5348.177 GC heap after
Heap after GC invocations=8756 (full 4):
 PSYoungGen      total 349184K, used 128K [0x00000007eaa80000, 0x0000000800000000, 0x0000000800000000)
  eden space 348672K, 0% used [0x00000007eaa80000,0x00000007eaa80000,0x00000007fff00000)
  from space 512K, 25% used [0x00000007fff80000,0x00000007fffa0000,0x0000000800000000)
  to   space 512K, 0% used [0x00000007fff00000,0x00000007fff00000,0x00000007fff80000)
 ParOldGen       total 438784K, used 438735K [0x00000007c0000000, 0x00000007dac80000, 0x00000007eaa80000)
  object space 438784K, 99% used [0x00000007c0000000,0x00000007dac73e90,0x00000007dac80000)
 PSPermGen       total 21504K, used 3348K [0x00000007bae00000, 0x00000007bc300000, 0x00000007c0000000)
  object space 21504K, 15% used [0x00000007bae00000,0x00000007bb145148,0x00000007bc300000)
}
Event: 5348.823 GC heap before
{Heap before GC invocations=8757 (full 4):
 PSYoungGen      total 349184K, used 348800K [0x00000007eaa80000, 0x0000000800000000, 0x0000000800000000)
  eden space 348672K, 100% used [0x00000007eaa80000,0x00000007fff00000,0x00000007fff00000)
  from space 512K, 25% used [0x00000007fff80000,0x00000007fffa0000,0x0000000800000000)
  to   space 512K, 0% used [0x00000007fff00000,0x00000007fff00000,0x00000007fff80000)
 ParOldGen       total 438784K, used 438735K [0x00000007c0000000, 0x00000007dac80000, 0x00000007eaa80000)
  object space 438784K, 99% used [0x00000007c0000000,0x00000007dac73e90,0x00000007dac80000)
 PSPermGen       total 21504K, used 3348K [0x00000007bae00000, 0x00000007bc300000, 0x00000007c0000000)
  object space 21504K, 15% used [0x00000007bae00000,0x00000007bb145148,0x00000007bc300000)
Event: 5348.826 GC heap after
Heap after GC invocations=8757 (full 4):
 PSYoungGen      total 349184K, used 128K [0x00000007eaa80000, 0x0000000800000000, 0x0000000800000000)
  eden space 348672K, 0% used [0x00000007eaa80000,0x00000007eaa80000,0x00000007fff00000)
  from space 512K, 25% used [0x00000007fff00000,0x00000007fff20000,0x00000007fff80000)
  to   space 512K, 0% used [0x00000007fff80000,0x00000007fff80000,0x0000000800000000)
 ParOldGen       total 438784K, used 438751K [0x00000007c0000000, 0x00000007dac80000, 0x00000007eaa80000)
  object space 438784K, 99% used [0x00000007c0000000,0x00000007dac77e90,0x00000007dac80000)
 PSPermGen       total 21504K, used 3348K [0x00000007bae00000, 0x00000007bc300000, 0x00000007c0000000)
  object space 21504K, 15% used [0x00000007bae00000,0x00000007bb145148,0x00000007bc300000)
}
Event: 5349.441 GC heap before
{Heap before GC invocations=8758 (full 4):
 PSYoungGen      total 349184K, used 348800K [0x00000007eaa80000, 0x0000000800000000, 0x0000000800000000)
  eden space 348672K, 100% used [0x00000007eaa80000,0x00000007fff00000,0x00000007fff00000)
  from space 512K, 25% used [0x00000007fff00000,0x00000007fff20000,0x00000007fff80000)
  to   space 512K, 0% used [0x00000007fff80000,0x00000007fff80000,0x0000000800000000)
 ParOldGen       total 438784K, used 438751K [0x00000007c0000000, 0x00000007dac80000, 0x00000007eaa80000)
  object space 438784K, 99% used [0x00000007c0000000,0x00000007dac77e90,0x00000007dac80000)
 PSPermGen       total 21504K, used 3348K [0x00000007bae00000, 0x00000007bc300000, 0x00000007c0000000)
  object space 21504K, 15% used [0x00000007bae00000,0x00000007bb145148,0x00000007bc300000)
Event: 5349.443 GC heap after
Heap after GC invocations=8758 (full 4):
 PSYoungGen      total 349184K, used 128K [0x00000007eaa80000, 0x0000000800000000, 0x0000000800000000)
  eden space 348672K, 0% used [0x00000007eaa80000,0x00000007eaa80000,0x00000007fff00000)
  from space 512K, 25% used [0x00000007fff80000,0x00000007fffa0000,0x0000000800000000)
  to   space 512K, 0% used [0x00000007fff00000,0x00000007fff00000,0x00000007fff80000)
 ParOldGen       total 438784K, used 438767K [0x00000007c0000000, 0x00000007dac80000, 0x00000007eaa80000)
  object space 438784K, 99% used [0x00000007c0000000,0x00000007dac7be90,0x00000007dac80000)
 PSPermGen       total 21504K, used 3348K [0x00000007bae00000, 0x00000007bc300000, 0x00000007c0000000)
  object space 21504K, 15% used [0x00000007bae00000,0x00000007bb145148,0x00000007bc300000)
}
Event: 5349.443 GC heap before
{Heap before GC invocations=8759 (full 5):
 PSYoungGen      total 349184K, used 128K [0x00000007eaa80000, 0x0000000800000000, 0x0000000800000000)
  eden space 348672K, 0% used [0x00000007eaa80000,0x00000007eaa80000,0x00000007fff00000)
  from space 512K, 25% used [0x00000007fff80000,0x00000007fffa0000,0x0000000800000000)
  to   space 512K, 0% used [0x00000007fff00000,0x00000007fff00000,0x00000007fff80000)
 ParOldGen       total 438784K, used 438767K [0x00000007c0000000, 0x00000007dac80000, 0x00000007eaa80000)
  object space 438784K, 99% used [0x00000007c0000000,0x00000007dac7be90,0x00000007dac80000)
 PSPermGen       total 21504K, used 3348K [0x00000007bae00000, 0x00000007bc300000, 0x00000007c0000000)
  object space 21504K, 15% used [0x00000007bae00000,0x00000007bb145148,0x00000007bc300000)

